<?xml version="1.0" encoding="UTF-8"?>
<!-- Generated by org.testng.reporters.JUnitReportReporter -->
<testsuite skipped="0" hostname="DESKTOP-3JBJN90" name="com.learn.SeleniumTest.TestContactPage" tests="1" failures="0" timestamp="03 Oct 2019 14:15:06 GMT" time="24.401" errors="0">
  <testcase name="validateCreateNewContact" time="24.401" classname="com.learn.SeleniumTest.TestContactPage"/>
</testsuite> <!-- com.learn.SeleniumTest.TestContactPage -->
