<?xml version="1.0" encoding="UTF-8"?>
<!-- Generated by org.testng.reporters.JUnitReportReporter -->
<testsuite skipped="0" hostname="DESKTOP-3JBJN90" name="com.learn.SeleniumTest.TestLoginPage" tests="2" failures="0" timestamp="04 Oct 2019 01:16:17 GMT" time="59.382" errors="0">
  <testcase name="LoginFail" time="28.295" classname="com.learn.SeleniumTest.TestLoginPage"/>
  <testcase name="Login" time="31.087" classname="com.learn.SeleniumTest.TestLoginPage"/>
</testsuite> <!-- com.learn.SeleniumTest.TestLoginPage -->
