<?xml version="1.0" encoding="UTF-8"?>
<!-- Generated by org.testng.reporters.JUnitReportReporter -->
<testsuite skipped="0" hostname="DESKTOP-3JBJN90" name="com.learn.SeleniumTest.TestHomePage" tests="1" failures="0" timestamp="03 Oct 2019 10:27:55 GMT" time="23.359" errors="0">
  <testcase name="verifyHomePageTitleTest" time="23.359" classname="com.learn.SeleniumTest.TestHomePage"/>
</testsuite> <!-- com.learn.SeleniumTest.TestHomePage -->
